[10-Apr-2018 12:23:58 Europe/Moscow] Page 'index.php' was loaded.
[10-Apr-2018 12:26:06 Europe/Moscow] Page 'DBinteractionPage.php' was loaded.
[10-Apr-2018 12:29:20 Europe/Moscow] Page 'databaseTunnelPage.php' was loaded.
[10-Apr-2018 12:30:32 Europe/Moscow] Page 'databaseTunnelPage.php' was loaded.
[10-Apr-2018 12:31:37 Europe/Moscow] Page 'databaseTunnelPage.php' was loaded.
[10-Apr-2018 12:31:37 Europe/Moscow] The parameters were requested: 'php', '', '8'
[10-Apr-2018 12:33:07 Europe/Moscow] Page 'databaseTunnelPage.php' was loaded.
[10-Apr-2018 12:33:07 Europe/Moscow] The parameters were requested: 'JS', '', ''/symlink-to-home-PhpstormProjects/PHP-university-task/databaseTunnelPage.php
[10-Apr-2018 12:33:37 Europe/Moscow] Page 'databaseTunnelPage.php' was loaded.
[10-Apr-2018 12:33:37 Europe/Moscow] The parameters were requested: 'Java', '', ''databaseTunnelPage.php
[10-Apr-2018 12:34:43 Europe/Moscow] Page 'databaseTunnelPage.php' was loaded.
[10-Apr-2018 12:34:43 Europe/Moscow] The parameters were requested:
            '', 'RoR', '' on page databaseTunnelPage.php
[10-Apr-2018 12:36:05 Europe/Moscow] Page 'databaseTunnelPage.php' was loaded.
[10-Apr-2018 12:36:28 Europe/Moscow] Page 'databaseTunnelPage.php' was loaded.
[10-Apr-2018 12:36:28 Europe/Moscow] The parameters were requested:  'scala', '', '' on page databaseTunnelPage.php
[10-Apr-2018 12:36:46 Europe/Moscow] Page 'databaseTunnelPage.php' was loaded.
[10-Apr-2018 12:36:46 Europe/Moscow] The parameters were requested:  'php', '', '' on page databaseTunnelPage.php
[10-Apr-2018 12:41:30 Europe/Moscow] Page 'databaseTunnelPage.php' was loaded.
[10-Apr-2018 12:41:30 Europe/Moscow] The parameters were requested: '', '', '' on page databaseTunnelPage.php
[10-Apr-2018 12:50:18 Europe/Moscow] Page 'databaseTunnelPage.php' was loaded.
[10-Apr-2018 12:50:18 Europe/Moscow] The parameters were requested: '', '', '' on page databaseTunnelPage.php
[10-Apr-2018 12:50:28 Europe/Moscow] Page 'databaseTunnelPage.php' was loaded.
[10-Apr-2018 12:50:28 Europe/Moscow] The parameters were requested: 'c++', '', '6' on page databaseTunnelPage.php
[10-Apr-2018 12:50:56 Europe/Moscow] Page 'databaseTunnelPage.php' was loaded.
[10-Apr-2018 12:50:56 Europe/Moscow] The parameters were requested: 'C++'TABLE', '', '' on page databaseTunnelPage.php
[10-Apr-2018 12:53:01 Europe/Moscow] Page 'index.php' was loaded.
[10-Apr-2018 12:53:01 Europe/Moscow] Pattern was searched: 3
[10-Apr-2018 12:53:05 Europe/Moscow] Page 'index.php' was loaded.
[10-Apr-2018 12:54:17 Europe/Moscow] Page 'index.php' was loaded.
[10-Apr-2018 12:54:17 Europe/Moscow] Pattern was searched: '1355' on page PHP-university-task
[10-Apr-2018 15:47:38 Europe/Moscow] Page 'DBinteractionPage.php' was loaded.
[10-Apr-2018 15:47:39 Europe/Moscow] Page 'DBinteractionPage.php' was loaded.
[10-Apr-2018 15:47:42 Europe/Moscow] Page 'DBinteractionPage.php' was loaded.
[10-Apr-2018 16:13:05 Europe/Moscow] Page 'DBinteractionPage.php' was loaded.
[10-Apr-2018 16:13:11 Europe/Moscow] Page 'DBinteractionPage.php' was loaded.
[10-Apr-2018 16:13:54 Europe/Moscow] Page 'DBinteractionPage.php' was loaded.
[10-Apr-2018 16:17:45 Europe/Moscow] Page 'DBinteractionPage.php' was loaded.
[10-Apr-2018 16:20:46 Europe/Moscow] Page 'index.php' was loaded.
[10-Apr-2018 16:20:46 Europe/Moscow] Pattern was searched: 'После' on page PHP-university-task
[10-Apr-2018 16:20:51 Europe/Moscow] Page 'index.php' was loaded.
[10-Apr-2018 16:20:51 Europe/Moscow] Pattern was searched: 'о' on page PHP-university-task
[10-Apr-2018 16:21:03 Europe/Moscow] Page 'index.php' was loaded.
[10-Apr-2018 16:21:03 Europe/Moscow] Pattern was searched: 'в' on page PHP-university-task
[10-Apr-2018 16:21:07 Europe/Moscow] Page 'index.php' was loaded.
[10-Apr-2018 16:21:07 Europe/Moscow] Pattern was searched: '3' on page PHP-university-task
[10-Apr-2018 16:31:14 Europe/Moscow] Page 'index.php' was loaded.
[10-Apr-2018 16:31:23 Europe/Moscow] Page 'index.php' was loaded.
[10-Apr-2018 16:31:23 Europe/Moscow] Pattern was searched: 'ру' on page PHP-university-task
[10-Apr-2018 16:31:29 Europe/Moscow] Page 'index.php' was loaded.
[10-Apr-2018 16:31:29 Europe/Moscow] Pattern was searched: 'военная' on page PHP-university-task
[10-Apr-2018 17:02:29 Europe/Moscow] Page 'index.php' was loaded.
[10-Apr-2018 17:02:29 Europe/Moscow] Pattern was searched: 'мировой' on page PHP-university-task
[10-Apr-2018 17:02:35 Europe/Moscow] Page 'index.php' was loaded.
[10-Apr-2018 17:02:35 Europe/Moscow] Pattern was searched: 'крокозябра' on page PHP-university-task
[10-Apr-2018 17:02:51 Europe/Moscow] Page 'index.php' was loaded.
[10-Apr-2018 17:02:51 Europe/Moscow] Pattern was searched: 'массовый боевой' on page PHP-university-task
[10-Apr-2018 17:02:52 Europe/Moscow] Page 'DBinteractionPage.php' was loaded.
[10-Apr-2018 17:03:26 Europe/Moscow] Page 'index.php' was loaded.
[10-Apr-2018 17:03:26 Europe/Moscow] Pattern was searched: 'мироть' on page PHP-university-task
[10-Apr-2018 17:03:32 Europe/Moscow] Page 'index.php' was loaded.
[10-Apr-2018 17:03:32 Europe/Moscow] Pattern was searched: 'связи' on page PHP-university-task
[10-Apr-2018 17:03:33 Europe/Moscow] Page 'index.php' was loaded.
[10-Apr-2018 21:28:53 Europe/Moscow] Page 'DBinteractionPage.php' was loaded.
[10-Apr-2018 21:29:48 Europe/Moscow] Page 'DBinteractionPage.php' was loaded.
[10-Apr-2018 21:30:19 Europe/Moscow] Page 'DBinteractionPage.php' was loaded.
[10-Apr-2018 21:30:41 Europe/Moscow] Page 'DBinteractionPage.php' was loaded.
[10-Apr-2018 21:44:35 Europe/Moscow] Page 'DBinteractionPage.php' was loaded.
[10-Apr-2018 21:47:54 Europe/Moscow] Page 'DBinteractionPage.php' was loaded.
[10-Apr-2018 21:49:07 Europe/Moscow] Page 'DBinteractionPage.php' was loaded.
[10-Apr-2018 21:49:18 Europe/Moscow] Page 'DBinteractionPage.php' was loaded.
[10-Apr-2018 21:49:40 Europe/Moscow] Page 'databaseTunnelPage.php' was loaded.
[10-Apr-2018 21:49:56 Europe/Moscow] The parameters were requested: '', '', '' on page 
[10-Apr-2018 21:50:33 Europe/Moscow] Page 'databaseTunnelPage.php' was loaded.
[10-Apr-2018 21:51:38 Europe/Moscow] The parameters were requested: 'PHP', '', '' on page 
[10-Apr-2018 21:56:41 Europe/Moscow] Page 'index.php' was loaded.
[10-Apr-2018 21:56:41 Europe/Moscow] Pattern was searched: 'окончания' on page PHP-university-task
[10-Apr-2018 21:56:42 Europe/Moscow] Page 'index.php' was loaded.
[10-Apr-2018 21:56:50 Europe/Moscow] Page 'DBinteractionPage.php' was loaded.
[10-Apr-2018 21:56:52 Europe/Moscow] Page 'DBinteractionPage.php' was loaded.
[10-Apr-2018 21:56:53 Europe/Moscow] Page 'DBinteractionPage.php' was loaded.
[10-Apr-2018 21:56:54 Europe/Moscow] Page 'DBinteractionPage.php' was loaded.
[10-Apr-2018 21:56:55 Europe/Moscow] Page 'DBinteractionPage.php' was loaded.
[10-Apr-2018 21:56:56 Europe/Moscow] Page 'DBinteractionPage.php' was loaded.
[10-Apr-2018 21:57:05 Europe/Moscow] Page 'index.php' was loaded.
[10-Apr-2018 21:57:08 Europe/Moscow] Page 'index.php' was loaded.
[10-Apr-2018 21:57:08 Europe/Moscow] Pattern was searched: 'где сражалась наша армия' on page index.php
[10-Apr-2018 21:57:10 Europe/Moscow] Page 'DBinteractionPage.php' was loaded.
[10-Apr-2018 21:57:23 Europe/Moscow] Page 'index.php' was loaded.
[10-Apr-2018 21:57:23 Europe/Moscow] Pattern was searched: 'Planes' on page index.php
[10-Apr-2018 21:57:30 Europe/Moscow] Page 'index.php' was loaded.
[10-Apr-2018 21:57:30 Europe/Moscow] Pattern was searched: 'planes' on page index.php
[10-Apr-2018 21:57:33 Europe/Moscow] Page 'index.php' was loaded.
[10-Apr-2018 21:57:33 Europe/Moscow] Pattern was searched: 'anes' on page index.php
[10-Apr-2018 21:57:39 Europe/Moscow] Page 'DBinteractionPage.php' was loaded.
[10-Apr-2018 21:57:47 Europe/Moscow] Page 'index.php' was loaded.
[10-Apr-2018 21:57:50 Europe/Moscow] Page 'index.php' was loaded.
[10-Apr-2018 21:57:50 Europe/Moscow] Pattern was searched: 'Ил-2' on page index.php
[10-Apr-2018 21:57:51 Europe/Moscow] Page 'DBinteractionPage.php' was loaded.
[10-Apr-2018 21:57:56 Europe/Moscow] Page 'index.php' was loaded.
[10-Apr-2018 21:57:56 Europe/Moscow] Pattern was searched: '3' on page index.php
[10-Apr-2018 21:58:12 Europe/Moscow] Page 'DBinteractionPage.php' was loaded.
[10-Apr-2018 21:58:55 Europe/Moscow] Page 'DBinteractionPage.php' was loaded.
[10-Apr-2018 21:58:56 Europe/Moscow] Page 'DBinteractionPage.php' was loaded.
[10-Apr-2018 21:58:57 Europe/Moscow] Page 'DBinteractionPage.php' was loaded.
[10-Apr-2018 21:58:58 Europe/Moscow] Page 'DBinteractionPage.php' was loaded.
[10-Apr-2018 21:58:59 Europe/Moscow] Page 'DBinteractionPage.php' was loaded.
[10-Apr-2018 21:59:00 Europe/Moscow] Page 'DBinteractionPage.php' was loaded.
[10-Apr-2018 21:59:00 Europe/Moscow] Page 'DBinteractionPage.php' was loaded.
[10-Apr-2018 21:59:01 Europe/Moscow] Page 'DBinteractionPage.php' was loaded.
[10-Apr-2018 21:59:02 Europe/Moscow] Page 'DBinteractionPage.php' was loaded.
[10-Apr-2018 21:59:08 Europe/Moscow] Page 'DBinteractionPage.php' was loaded.
[10-Apr-2018 22:00:01 Europe/Moscow] Page 'databaseTunnelPage.php' was loaded.
[10-Apr-2018 22:00:01 Europe/Moscow] The parameters were requested: 'php', '', '' on page databaseTunnelPage.php
[10-Apr-2018 22:00:13 Europe/Moscow] Page 'databaseTunnelPage.php' was loaded.
[10-Apr-2018 22:00:13 Europe/Moscow] The parameters were requested: '', '', '' on page databaseTunnelPage.php
[10-Apr-2018 22:00:24 Europe/Moscow] Page 'databaseTunnelPage.php' was loaded.
[10-Apr-2018 22:00:24 Europe/Moscow] The parameters were requested: '', '', '7' on page databaseTunnelPage.php
[10-Apr-2018 22:01:12 Europe/Moscow] Page 'databaseTunnelPage.php' was loaded.
[10-Apr-2018 22:01:12 Europe/Moscow] The parameters were requested: '', '', '' on page databaseTunnelPage.php
[10-Apr-2018 22:01:13 Europe/Moscow] Page 'databaseTunnelPage.php' was loaded.
[10-Apr-2018 22:01:13 Europe/Moscow] The parameters were requested: '', '', '' on page databaseTunnelPage.php
[10-Apr-2018 22:01:14 Europe/Moscow] Page 'databaseTunnelPage.php' was loaded.
[10-Apr-2018 22:01:14 Europe/Moscow] The parameters were requested: '', '', '' on page databaseTunnelPage.php
[10-Apr-2018 22:01:15 Europe/Moscow] Page 'databaseTunnelPage.php' was loaded.
[10-Apr-2018 22:01:15 Europe/Moscow] The parameters were requested: '', '', '' on page databaseTunnelPage.php
[10-Apr-2018 22:01:16 Europe/Moscow] Page 'databaseTunnelPage.php' was loaded.
[10-Apr-2018 22:01:16 Europe/Moscow] The parameters were requested: '', '', '' on page databaseTunnelPage.php
[10-Apr-2018 22:01:16 Europe/Moscow] Page 'databaseTunnelPage.php' was loaded.
[10-Apr-2018 22:01:16 Europe/Moscow] The parameters were requested: '', '', '' on page databaseTunnelPage.php
[11-Apr-2018 00:40:06 Europe/Moscow] Page 'databaseTunnelPage.php' was loaded.
[11-Apr-2018 00:40:30 Europe/Moscow] Page 'databaseTunnelPage.php' was loaded.
[11-Apr-2018 00:40:45 Europe/Moscow] The parameters were requested: '', '', '' on page 
[11-Apr-2018 00:41:12 Europe/Moscow] Page 'databaseTunnelPage.php' was loaded.
[11-Apr-2018 00:43:05 Europe/Moscow] The parameters were requested: 'php; INSERT', '', '' on page 
[11-Apr-2018 00:44:03 Europe/Moscow] Page 'databaseTunnelPage.php' was loaded.
[11-Apr-2018 00:44:29 Europe/Moscow] Page 'index.php' was loaded.
[11-Apr-2018 00:44:34 Europe/Moscow] Page 'index.php' was loaded.
[11-Apr-2018 00:44:39 Europe/Moscow] Page 'index.php' was loaded.
[11-Apr-2018 00:44:50 Europe/Moscow] Page 'index.php' was loaded.
[11-Apr-2018 00:45:09 Europe/Moscow] Page 'index.php' was loaded.
[11-Apr-2018 00:45:19 Europe/Moscow] Page 'index.php' was loaded.
[11-Apr-2018 00:45:29 Europe/Moscow] Page 'index.php' was loaded.
[11-Apr-2018 00:45:43 Europe/Moscow] Page 'index.php' was loaded.
[11-Apr-2018 00:45:45 Europe/Moscow] Page 'index.php' was loaded.
[11-Apr-2018 00:45:51 Europe/Moscow] Page 'index.php' was loaded.
[11-Apr-2018 00:45:56 Europe/Moscow] Page 'index.php' was loaded.
